<?xml version="1.0" encoding="UTF-8"?>
<coverage generated="1731140277085" clover="3.2.0">
  <project timestamp="1731140277085" name="All files">
    <metrics statements="106" coveredstatements="102" conditionals="32" coveredconditionals="29" methods="38" coveredmethods="34" elements="176" coveredelements="165" complexity="0" loc="106" ncloc="106" packages="10" files="10" classes="10"/>
    <package name="components.About">
      <metrics statements="2" coveredstatements="2" conditionals="0" coveredconditionals="0" methods="1" coveredmethods="1"/>
      <file name="index.jsx" path="C:\Users\pc\Downloads\ReactMiniProject-AldoFebrien-Dibimbing-master\ReactMiniProject-AldoFebrien-Dibimbing-master\src\components\About\index.jsx">
        <metrics statements="2" coveredstatements="2" conditionals="0" coveredconditionals="0" methods="1" coveredmethods="1"/>
        <line num="4" count="1" type="stmt"/>
        <line num="5" count="2" type="stmt"/>
      </file>
    </package>
    <package name="components.BreadCrumbs">
      <metrics statements="9" coveredstatements="9" conditionals="4" coveredconditionals="4" methods="3" coveredmethods="3"/>
      <file name="index.jsx" path="C:\Users\pc\Downloads\ReactMiniProject-AldoFebrien-Dibimbing-master\ReactMiniProject-AldoFebrien-Dibimbing-master\src\components\BreadCrumbs\index.jsx">
        <metrics statements="9" coveredstatements="9" conditionals="4" coveredconditionals="4" methods="3" coveredmethods="3"/>
        <line num="4" count="3" type="stmt"/>
        <line num="5" count="16" type="stmt"/>
        <line num="6" count="34" type="stmt"/>
        <line num="7" count="15" type="stmt"/>
        <line num="9" count="15" type="stmt"/>
        <line num="11" count="15" type="stmt"/>
        <line num="22" count="8" type="stmt"/>
        <line num="23" count="8" type="stmt"/>
        <line num="24" count="8" type="cond" truecount="2" falsecount="0"/>
      </file>
    </package>
    <package name="components.Footer">
      <metrics statements="2" coveredstatements="2" conditionals="0" coveredconditionals="0" methods="1" coveredmethods="1"/>
      <file name="index.jsx" path="C:\Users\pc\Downloads\ReactMiniProject-AldoFebrien-Dibimbing-master\ReactMiniProject-AldoFebrien-Dibimbing-master\src\components\Footer\index.jsx">
        <metrics statements="2" coveredstatements="2" conditionals="0" coveredconditionals="0" methods="1" coveredmethods="1"/>
        <line num="11" count="1" type="stmt"/>
        <line num="12" count="3" type="stmt"/>
      </file>
    </package>
    <package name="components.Hero">
      <metrics statements="2" coveredstatements="2" conditionals="0" coveredconditionals="0" methods="1" coveredmethods="1"/>
      <file name="index.jsx" path="C:\Users\pc\Downloads\ReactMiniProject-AldoFebrien-Dibimbing-master\ReactMiniProject-AldoFebrien-Dibimbing-master\src\components\Hero\index.jsx">
        <metrics statements="2" coveredstatements="2" conditionals="0" coveredconditionals="0" methods="1" coveredmethods="1"/>
        <line num="5" count="1" type="stmt"/>
        <line num="6" count="3" type="stmt"/>
      </file>
    </package>
    <package name="components.Navbar">
      <metrics statements="11" coveredstatements="10" conditionals="8" coveredconditionals="6" methods="3" coveredmethods="2"/>
      <file name="index.jsx" path="C:\Users\pc\Downloads\ReactMiniProject-AldoFebrien-Dibimbing-master\ReactMiniProject-AldoFebrien-Dibimbing-master\src\components\Navbar\index.jsx">
        <metrics statements="11" coveredstatements="10" conditionals="8" coveredconditionals="6" methods="3" coveredmethods="2"/>
        <line num="7" count="3" type="stmt"/>
        <line num="8" count="18" type="stmt"/>
        <line num="9" count="18" type="stmt"/>
        <line num="12" count="18" type="stmt"/>
        <line num="14" count="18" type="stmt"/>
        <line num="15" count="0" type="stmt"/>
        <line num="18" count="18" type="stmt"/>
        <line num="19" count="1" type="stmt"/>
        <line num="20" count="1" type="stmt"/>
        <line num="21" count="1" type="stmt"/>
        <line num="28" count="18" type="stmt"/>
      </file>
    </package>
    <package name="pages.Home">
      <metrics statements="2" coveredstatements="2" conditionals="0" coveredconditionals="0" methods="1" coveredmethods="1"/>
      <file name="index.jsx" path="C:\Users\pc\Downloads\ReactMiniProject-AldoFebrien-Dibimbing-master\ReactMiniProject-AldoFebrien-Dibimbing-master\src\pages\Home\index.jsx">
        <metrics statements="2" coveredstatements="2" conditionals="0" coveredconditionals="0" methods="1" coveredmethods="1"/>
        <line num="10" count="1" type="stmt"/>
        <line num="11" count="1" type="stmt"/>
      </file>
    </package>
    <package name="pages.Login">
      <metrics statements="25" coveredstatements="24" conditionals="6" coveredconditionals="6" methods="8" coveredmethods="7"/>
      <file name="index.jsx" path="C:\Users\pc\Downloads\ReactMiniProject-AldoFebrien-Dibimbing-master\ReactMiniProject-AldoFebrien-Dibimbing-master\src\pages\Login\index.jsx">
        <metrics statements="25" coveredstatements="24" conditionals="6" coveredconditionals="6" methods="8" coveredmethods="7"/>
        <line num="7" count="1" type="stmt"/>
        <line num="8" count="11" type="stmt"/>
        <line num="9" count="11" type="stmt"/>
        <line num="10" count="11" type="stmt"/>
        <line num="11" count="11" type="stmt"/>
        <line num="12" count="11" type="stmt"/>
        <line num="13" count="11" type="stmt"/>
        <line num="15" count="11" type="stmt"/>
        <line num="17" count="2" type="stmt"/>
        <line num="20" count="11" type="stmt"/>
        <line num="21" count="2" type="stmt"/>
        <line num="24" count="11" type="stmt"/>
        <line num="25" count="2" type="stmt"/>
        <line num="29" count="2" type="stmt"/>
        <line num="32" count="1" type="stmt"/>
        <line num="33" count="1" type="stmt"/>
        <line num="34" count="1" type="stmt"/>
        <line num="35" count="1" type="stmt"/>
        <line num="36" count="1" type="stmt"/>
        <line num="37" count="1" type="stmt"/>
        <line num="38" count="0" type="stmt"/>
        <line num="42" count="1" type="stmt"/>
        <line num="43" count="1" type="stmt"/>
        <line num="47" count="11" type="stmt"/>
        <line num="81" count="2" type="stmt"/>
      </file>
    </package>
    <package name="pages.Register">
      <metrics statements="21" coveredstatements="21" conditionals="10" coveredconditionals="9" methods="5" coveredmethods="5"/>
      <file name="index.jsx" path="C:\Users\pc\Downloads\ReactMiniProject-AldoFebrien-Dibimbing-master\ReactMiniProject-AldoFebrien-Dibimbing-master\src\pages\Register\index.jsx">
        <metrics statements="21" coveredstatements="21" conditionals="10" coveredconditionals="9" methods="5" coveredmethods="5"/>
        <line num="6" count="1" type="stmt"/>
        <line num="7" count="17" type="stmt"/>
        <line num="8" count="17" type="stmt"/>
        <line num="9" count="17" type="stmt"/>
        <line num="14" count="17" type="stmt"/>
        <line num="15" count="6" type="stmt"/>
        <line num="16" count="6" type="stmt"/>
        <line num="22" count="17" type="stmt"/>
        <line num="24" count="4" type="stmt"/>
        <line num="26" count="4" type="cond" truecount="4" falsecount="0"/>
        <line num="27" count="1" type="stmt"/>
        <line num="28" count="1" type="stmt"/>
        <line num="30" count="3" type="cond" truecount="2" falsecount="0"/>
        <line num="31" count="1" type="stmt"/>
        <line num="32" count="1" type="stmt"/>
        <line num="34" count="2" type="stmt"/>
        <line num="37" count="1" type="stmt"/>
        <line num="38" count="1" type="stmt"/>
        <line num="41" count="1" type="stmt"/>
        <line num="42" count="1" type="stmt"/>
        <line num="48" count="17" type="stmt"/>
      </file>
    </package>
    <package name="pages.UserDetail">
      <metrics statements="10" coveredstatements="10" conditionals="0" coveredconditionals="0" methods="5" coveredmethods="5"/>
      <file name="index.jsx" path="C:\Users\pc\Downloads\ReactMiniProject-AldoFebrien-Dibimbing-master\ReactMiniProject-AldoFebrien-Dibimbing-master\src\pages\UserDetail\index.jsx">
        <metrics statements="10" coveredstatements="10" conditionals="0" coveredconditionals="0" methods="5" coveredmethods="5"/>
        <line num="15" count="1" type="stmt"/>
        <line num="16" count="5" type="stmt"/>
        <line num="17" count="4" type="stmt"/>
        <line num="19" count="4" type="stmt"/>
        <line num="20" count="3" type="stmt"/>
        <line num="23" count="1" type="stmt"/>
        <line num="26" count="1" type="stmt"/>
        <line num="30" count="4" type="stmt"/>
        <line num="31" count="3" type="stmt"/>
        <line num="34" count="4" type="stmt"/>
      </file>
    </package>
    <package name="pages.UserPage">
      <metrics statements="22" coveredstatements="20" conditionals="4" coveredconditionals="4" methods="10" coveredmethods="8"/>
      <file name="index.jsx" path="C:\Users\pc\Downloads\ReactMiniProject-AldoFebrien-Dibimbing-master\ReactMiniProject-AldoFebrien-Dibimbing-master\src\pages\UserPage\index.jsx">
        <metrics statements="22" coveredstatements="20" conditionals="4" coveredconditionals="4" methods="10" coveredmethods="8"/>
        <line num="8" count="1" type="stmt"/>
        <line num="9" count="11" type="stmt"/>
        <line num="10" count="11" type="stmt"/>
        <line num="16" count="11" type="stmt"/>
        <line num="17" count="11" type="stmt"/>
        <line num="18" count="11" type="stmt"/>
        <line num="20" count="11" type="stmt"/>
        <line num="21" count="6" type="stmt"/>
        <line num="27" count="6" type="stmt"/>
        <line num="28" count="6" type="stmt"/>
        <line num="36" count="0" type="stmt"/>
        <line num="63" count="11" type="stmt"/>
        <line num="64" count="6" type="stmt"/>
        <line num="67" count="11" type="stmt"/>
        <line num="68" count="1" type="stmt"/>
        <line num="74" count="11" type="stmt"/>
        <line num="75" count="0" type="stmt"/>
        <line num="82" count="11" type="stmt"/>
        <line num="83" count="14" type="stmt"/>
        <line num="87" count="11" type="stmt"/>
        <line num="110" count="1" type="stmt"/>
        <line num="118" count="13" type="stmt"/>
      </file>
    </package>
  </project>
</coverage>
