{"C:\\Users\\pc\\Downloads\\ReactMiniProject-AldoFebrien-Dibimbing-master\\ReactMiniProject-AldoFebrien-Dibimbing-master\\src\\components\\About\\index.jsx": {"path":"C:\\Users\\pc\\Downloads\\ReactMiniProject-AldoFebrien-Dibimbing-master\\ReactMiniProject-AldoFebrien-Dibimbing-master\\src\\components\\About\\index.jsx","statementMap":{"0":{"start":{"line":4,"column":14},"end":{"line":36,"column":1}},"1":{"start":{"line":5,"column":2},"end":{"line":35,"column":4}}},"fnMap":{"0":{"name":"(anonymous_0)","decl":{"start":{"line":4,"column":14},"end":{"line":4,"column":15}},"loc":{"start":{"line":4,"column":20},"end":{"line":36,"column":1}},"line":4}},"branchMap":{},"s":{"0":1,"1":2},"f":{"0":2},"b":{},"_coverageSchema":"1a1c01bbd47fc00a2c39e90264f33305004495a9","hash":"0605ea641e2c7709979f53b3af507e7c19d0b2a2"}
,"C:\\Users\\pc\\Downloads\\ReactMiniProject-AldoFebrien-Dibimbing-master\\ReactMiniProject-AldoFebrien-Dibimbing-master\\src\\components\\BreadCrumbs\\index.jsx": {"path":"C:\\Users\\pc\\Downloads\\ReactMiniProject-AldoFebrien-Dibimbing-master\\ReactMiniProject-AldoFebrien-Dibimbing-master\\src\\components\\BreadCrumbs\\index.jsx","statementMap":{"0":{"start":{"line":4,"column":20},"end":{"line":35,"column":1}},"1":{"start":{"line":5,"column":23},"end":{"line":5,"column":36}},"2":{"start":{"line":6,"column":20},"end":{"line":6,"column":56}},"3":{"start":{"line":6,"column":54},"end":{"line":6,"column":55}},"4":{"start":{"line":7,"column":2},"end":{"line":7,"column":25}},"5":{"start":{"line":9,"column":23},"end":{"line":9,"column":25}},"6":{"start":{"line":11,"column":2},"end":{"line":34,"column":4}},"7":{"start":{"line":22,"column":8},"end":{"line":22,"column":37}},"8":{"start":{"line":23,"column":23},"end":{"line":23,"column":53}},"9":{"start":{"line":24,"column":8},"end":{"line":31,"column":10}}},"fnMap":{"0":{"name":"(anonymous_0)","decl":{"start":{"line":4,"column":20},"end":{"line":4,"column":21}},"loc":{"start":{"line":4,"column":26},"end":{"line":35,"column":1}},"line":4},"1":{"name":"(anonymous_1)","decl":{"start":{"line":6,"column":47},"end":{"line":6,"column":48}},"loc":{"start":{"line":6,"column":54},"end":{"line":6,"column":55}},"line":6},"2":{"name":"(anonymous_2)","decl":{"start":{"line":21,"column":21},"end":{"line":21,"column":22}},"loc":{"start":{"line":21,"column":38},"end":{"line":32,"column":7}},"line":21}},"branchMap":{"0":{"loc":{"start":{"line":16,"column":7},"end":{"line":20,"column":7}},"type":"binary-expr","locations":[{"start":{"line":16,"column":7},"end":{"line":16,"column":27}},{"start":{"line":17,"column":8},"end":{"line":19,"column":15}}],"line":16},"1":{"loc":{"start":{"line":24,"column":15},"end":{"line":31,"column":9}},"type":"cond-expr","locations":[{"start":{"line":25,"column":10},"end":{"line":25,"column":33}},{"start":{"line":27,"column":10},"end":{"line":30,"column":17}}],"line":24}},"s":{"0":3,"1":16,"2":15,"3":34,"4":15,"5":15,"6":15,"7":8,"8":8,"9":8},"f":{"0":16,"1":34,"2":8},"b":{"0":[15,4],"1":[4,4]},"_coverageSchema":"1a1c01bbd47fc00a2c39e90264f33305004495a9","hash":"51c4a97b411ed3b97fe0df3c70aa6ac2ab6b9d02"}
,"C:\\Users\\pc\\Downloads\\ReactMiniProject-AldoFebrien-Dibimbing-master\\ReactMiniProject-AldoFebrien-Dibimbing-master\\src\\components\\Footer\\index.jsx": {"path":"C:\\Users\\pc\\Downloads\\ReactMiniProject-AldoFebrien-Dibimbing-master\\ReactMiniProject-AldoFebrien-Dibimbing-master\\src\\components\\Footer\\index.jsx","statementMap":{"0":{"start":{"line":11,"column":15},"end":{"line":76,"column":1}},"1":{"start":{"line":12,"column":2},"end":{"line":75,"column":4}}},"fnMap":{"0":{"name":"(anonymous_0)","decl":{"start":{"line":11,"column":15},"end":{"line":11,"column":16}},"loc":{"start":{"line":11,"column":21},"end":{"line":76,"column":1}},"line":11}},"branchMap":{},"s":{"0":1,"1":3},"f":{"0":3},"b":{},"_coverageSchema":"1a1c01bbd47fc00a2c39e90264f33305004495a9","hash":"f504051580a46982246d5bb45cdaf3f8b0ee1086"}
,"C:\\Users\\pc\\Downloads\\ReactMiniProject-AldoFebrien-Dibimbing-master\\ReactMiniProject-AldoFebrien-Dibimbing-master\\src\\components\\Hero\\index.jsx": {"path":"C:\\Users\\pc\\Downloads\\ReactMiniProject-AldoFebrien-Dibimbing-master\\ReactMiniProject-AldoFebrien-Dibimbing-master\\src\\components\\Hero\\index.jsx","statementMap":{"0":{"start":{"line":5,"column":13},"end":{"line":46,"column":1}},"1":{"start":{"line":6,"column":2},"end":{"line":45,"column":4}}},"fnMap":{"0":{"name":"(anonymous_0)","decl":{"start":{"line":5,"column":13},"end":{"line":5,"column":14}},"loc":{"start":{"line":5,"column":19},"end":{"line":46,"column":1}},"line":5}},"branchMap":{},"s":{"0":1,"1":3},"f":{"0":3},"b":{},"_coverageSchema":"1a1c01bbd47fc00a2c39e90264f33305004495a9","hash":"e2e667c9bc77573901a5df4af7adc50a55781bcf"}
,"C:\\Users\\pc\\Downloads\\ReactMiniProject-AldoFebrien-Dibimbing-master\\ReactMiniProject-AldoFebrien-Dibimbing-master\\src\\components\\Navbar\\index.jsx": {"path":"C:\\Users\\pc\\Downloads\\ReactMiniProject-AldoFebrien-Dibimbing-master\\ReactMiniProject-AldoFebrien-Dibimbing-master\\src\\components\\Navbar\\index.jsx","statementMap":{"0":{"start":{"line":7,"column":15},"end":{"line":131,"column":1}},"1":{"start":{"line":8,"column":24},"end":{"line":8,"column":39}},"2":{"start":{"line":9,"column":38},"end":{"line":11,"column":3}},"3":{"start":{"line":12,"column":19},"end":{"line":12,"column":32}},"4":{"start":{"line":14,"column":20},"end":{"line":16,"column":3}},"5":{"start":{"line":15,"column":4},"end":{"line":15,"column":17}},"6":{"start":{"line":18,"column":23},"end":{"line":22,"column":3}},"7":{"start":{"line":19,"column":4},"end":{"line":19,"column":44}},"8":{"start":{"line":20,"column":4},"end":{"line":20,"column":25}},"9":{"start":{"line":21,"column":4},"end":{"line":21,"column":23}},"10":{"start":{"line":28,"column":2},"end":{"line":130,"column":4}}},"fnMap":{"0":{"name":"(anonymous_0)","decl":{"start":{"line":7,"column":15},"end":{"line":7,"column":16}},"loc":{"start":{"line":7,"column":21},"end":{"line":131,"column":1}},"line":7},"1":{"name":"(anonymous_1)","decl":{"start":{"line":14,"column":20},"end":{"line":14,"column":21}},"loc":{"start":{"line":14,"column":26},"end":{"line":16,"column":3}},"line":14},"2":{"name":"(anonymous_2)","decl":{"start":{"line":18,"column":23},"end":{"line":18,"column":24}},"loc":{"start":{"line":18,"column":29},"end":{"line":22,"column":3}},"line":18}},"branchMap":{"0":{"loc":{"start":{"line":59,"column":13},"end":{"line":78,"column":13}},"type":"cond-expr","locations":[{"start":{"line":60,"column":14},"end":{"line":69,"column":21}},{"start":{"line":71,"column":14},"end":{"line":77,"column":21}}],"line":59},"1":{"loc":{"start":{"line":81,"column":13},"end":{"line":81,"column":77}},"type":"cond-expr","locations":[{"start":{"line":81,"column":19},"end":{"line":81,"column":47}},{"start":{"line":81,"column":50},"end":{"line":81,"column":77}}],"line":81},"2":{"loc":{"start":{"line":85,"column":14},"end":{"line":85,"column":57}},"type":"cond-expr","locations":[{"start":{"line":85,"column":20},"end":{"line":85,"column":35}},{"start":{"line":85,"column":38},"end":{"line":85,"column":57}}],"line":85},"3":{"loc":{"start":{"line":105,"column":15},"end":{"line":124,"column":15}},"type":"cond-expr","locations":[{"start":{"line":106,"column":16},"end":{"line":115,"column":23}},{"start":{"line":117,"column":16},"end":{"line":123,"column":23}}],"line":105}},"s":{"0":3,"1":18,"2":18,"3":18,"4":18,"5":0,"6":18,"7":1,"8":1,"9":1,"10":18},"f":{"0":18,"1":0,"2":1},"b":{"0":[2,16],"1":[0,18],"2":[0,18],"3":[2,16]},"_coverageSchema":"1a1c01bbd47fc00a2c39e90264f33305004495a9","hash":"fbe8a0cc139deffda3c74a9a5ea87ea01ae66564"}
,"C:\\Users\\pc\\Downloads\\ReactMiniProject-AldoFebrien-Dibimbing-master\\ReactMiniProject-AldoFebrien-Dibimbing-master\\src\\pages\\Home\\index.jsx": {"path":"C:\\Users\\pc\\Downloads\\ReactMiniProject-AldoFebrien-Dibimbing-master\\ReactMiniProject-AldoFebrien-Dibimbing-master\\src\\pages\\Home\\index.jsx","statementMap":{"0":{"start":{"line":10,"column":13},"end":{"line":22,"column":1}},"1":{"start":{"line":11,"column":2},"end":{"line":21,"column":4}}},"fnMap":{"0":{"name":"(anonymous_0)","decl":{"start":{"line":10,"column":13},"end":{"line":10,"column":14}},"loc":{"start":{"line":10,"column":19},"end":{"line":22,"column":1}},"line":10}},"branchMap":{},"s":{"0":1,"1":1},"f":{"0":1},"b":{},"_coverageSchema":"1a1c01bbd47fc00a2c39e90264f33305004495a9","hash":"cca1eec11d4d6cbf564d8c2717382af4295d4930"}
,"C:\\Users\\pc\\Downloads\\ReactMiniProject-AldoFebrien-Dibimbing-master\\ReactMiniProject-AldoFebrien-Dibimbing-master\\src\\pages\\Login\\index.jsx": {"path":"C:\\Users\\pc\\Downloads\\ReactMiniProject-AldoFebrien-Dibimbing-master\\ReactMiniProject-AldoFebrien-Dibimbing-master\\src\\pages\\Login\\index.jsx","statementMap":{"0":{"start":{"line":7,"column":14},"end":{"line":141,"column":1}},"1":{"start":{"line":8,"column":28},"end":{"line":8,"column":40}},"2":{"start":{"line":9,"column":34},"end":{"line":9,"column":46}},"3":{"start":{"line":10,"column":28},"end":{"line":10,"column":43}},"4":{"start":{"line":11,"column":28},"end":{"line":11,"column":40}},"5":{"start":{"line":12,"column":19},"end":{"line":12,"column":32}},"6":{"start":{"line":13,"column":42},"end":{"line":13,"column":57}},"7":{"start":{"line":15,"column":28},"end":{"line":18,"column":3}},"8":{"start":{"line":17,"column":4},"end":{"line":17,"column":29}},"9":{"start":{"line":20,"column":31},"end":{"line":22,"column":3}},"10":{"start":{"line":21,"column":4},"end":{"line":21,"column":32}},"11":{"start":{"line":24,"column":22},"end":{"line":45,"column":3}},"12":{"start":{"line":25,"column":20},"end":{"line":28,"column":5}},"13":{"start":{"line":29,"column":4},"end":{"line":44,"column":9}},"14":{"start":{"line":32,"column":8},"end":{"line":32,"column":25}},"15":{"start":{"line":33,"column":22},"end":{"line":33,"column":38}},"16":{"start":{"line":34,"column":8},"end":{"line":34,"column":52}},"17":{"start":{"line":35,"column":8},"end":{"line":35,"column":23}},"18":{"start":{"line":36,"column":8},"end":{"line":36,"column":24}},"19":{"start":{"line":37,"column":8},"end":{"line":39,"column":17}},"20":{"start":{"line":38,"column":10},"end":{"line":38,"column":24}},"21":{"start":{"line":42,"column":8},"end":{"line":42,"column":45}},"22":{"start":{"line":43,"column":8},"end":{"line":43,"column":42}},"23":{"start":{"line":47,"column":2},"end":{"line":140,"column":4}},"24":{"start":{"line":81,"column":30},"end":{"line":81,"column":60}}},"fnMap":{"0":{"name":"(anonymous_0)","decl":{"start":{"line":7,"column":14},"end":{"line":7,"column":15}},"loc":{"start":{"line":7,"column":20},"end":{"line":141,"column":1}},"line":7},"1":{"name":"(anonymous_1)","decl":{"start":{"line":15,"column":28},"end":{"line":15,"column":29}},"loc":{"start":{"line":15,"column":35},"end":{"line":18,"column":3}},"line":15},"2":{"name":"(anonymous_2)","decl":{"start":{"line":20,"column":31},"end":{"line":20,"column":32}},"loc":{"start":{"line":20,"column":38},"end":{"line":22,"column":3}},"line":20},"3":{"name":"(anonymous_3)","decl":{"start":{"line":24,"column":22},"end":{"line":24,"column":23}},"loc":{"start":{"line":24,"column":28},"end":{"line":45,"column":3}},"line":24},"4":{"name":"(anonymous_4)","decl":{"start":{"line":31,"column":12},"end":{"line":31,"column":13}},"loc":{"start":{"line":31,"column":21},"end":{"line":40,"column":7}},"line":31},"5":{"name":"(anonymous_5)","decl":{"start":{"line":37,"column":19},"end":{"line":37,"column":20}},"loc":{"start":{"line":37,"column":25},"end":{"line":39,"column":9}},"line":37},"6":{"name":"(anonymous_6)","decl":{"start":{"line":41,"column":13},"end":{"line":41,"column":14}},"loc":{"start":{"line":41,"column":22},"end":{"line":44,"column":7}},"line":41},"7":{"name":"(anonymous_7)","decl":{"start":{"line":81,"column":24},"end":{"line":81,"column":25}},"loc":{"start":{"line":81,"column":30},"end":{"line":81,"column":60}},"line":81}},"branchMap":{"0":{"loc":{"start":{"line":54,"column":11},"end":{"line":54,"column":77}},"type":"binary-expr","locations":[{"start":{"line":54,"column":11},"end":{"line":54,"column":16}},{"start":{"line":54,"column":20},"end":{"line":54,"column":77}}],"line":54},"1":{"loc":{"start":{"line":55,"column":11},"end":{"line":55,"column":71}},"type":"binary-expr","locations":[{"start":{"line":55,"column":11},"end":{"line":55,"column":16}},{"start":{"line":55,"column":20},"end":{"line":55,"column":71}}],"line":55},"2":{"loc":{"start":{"line":68,"column":18},"end":{"line":68,"column":52}},"type":"cond-expr","locations":[{"start":{"line":68,"column":33},"end":{"line":68,"column":39}},{"start":{"line":68,"column":42},"end":{"line":68,"column":52}}],"line":68}},"s":{"0":1,"1":11,"2":11,"3":11,"4":11,"5":11,"6":11,"7":11,"8":2,"9":11,"10":2,"11":11,"12":2,"13":2,"14":1,"15":1,"16":1,"17":1,"18":1,"19":1,"20":0,"21":1,"22":1,"23":11,"24":2},"f":{"0":11,"1":2,"2":2,"3":2,"4":1,"5":0,"6":1,"7":2},"b":{"0":[11,1],"1":[11,1],"2":[1,10]},"_coverageSchema":"1a1c01bbd47fc00a2c39e90264f33305004495a9","hash":"7d0c2ececc871434f8ae855b047206ce325bd094"}
,"C:\\Users\\pc\\Downloads\\ReactMiniProject-AldoFebrien-Dibimbing-master\\ReactMiniProject-AldoFebrien-Dibimbing-master\\src\\pages\\Register\\index.jsx": {"path":"C:\\Users\\pc\\Downloads\\ReactMiniProject-AldoFebrien-Dibimbing-master\\ReactMiniProject-AldoFebrien-Dibimbing-master\\src\\pages\\Register\\index.jsx","statementMap":{"0":{"start":{"line":6,"column":17},"end":{"line":143,"column":1}},"1":{"start":{"line":7,"column":28},"end":{"line":7,"column":40}},"2":{"start":{"line":8,"column":19},"end":{"line":8,"column":32}},"3":{"start":{"line":9,"column":26},"end":{"line":12,"column":4}},"4":{"start":{"line":14,"column":23},"end":{"line":20,"column":3}},"5":{"start":{"line":15,"column":4},"end":{"line":15,"column":19}},"6":{"start":{"line":16,"column":4},"end":{"line":19,"column":7}},"7":{"start":{"line":22,"column":23},"end":{"line":47,"column":3}},"8":{"start":{"line":24,"column":4},"end":{"line":24,"column":17}},"9":{"start":{"line":26,"column":4},"end":{"line":29,"column":5}},"10":{"start":{"line":27,"column":6},"end":{"line":27,"column":50}},"11":{"start":{"line":28,"column":6},"end":{"line":28,"column":13}},"12":{"start":{"line":30,"column":4},"end":{"line":33,"column":5}},"13":{"start":{"line":31,"column":6},"end":{"line":31,"column":45}},"14":{"start":{"line":32,"column":6},"end":{"line":32,"column":13}},"15":{"start":{"line":34,"column":4},"end":{"line":46,"column":9}},"16":{"start":{"line":37,"column":8},"end":{"line":37,"column":25}},"17":{"start":{"line":38,"column":8},"end":{"line":38,"column":27}},"18":{"start":{"line":41,"column":8},"end":{"line":41,"column":25}},"19":{"start":{"line":42,"column":8},"end":{"line":45,"column":10}},"20":{"start":{"line":48,"column":2},"end":{"line":142,"column":4}}},"fnMap":{"0":{"name":"(anonymous_0)","decl":{"start":{"line":6,"column":17},"end":{"line":6,"column":18}},"loc":{"start":{"line":6,"column":23},"end":{"line":143,"column":1}},"line":6},"1":{"name":"(anonymous_1)","decl":{"start":{"line":14,"column":23},"end":{"line":14,"column":24}},"loc":{"start":{"line":14,"column":30},"end":{"line":20,"column":3}},"line":14},"2":{"name":"(anonymous_2)","decl":{"start":{"line":22,"column":23},"end":{"line":22,"column":24}},"loc":{"start":{"line":22,"column":29},"end":{"line":47,"column":3}},"line":22},"3":{"name":"(anonymous_3)","decl":{"start":{"line":36,"column":12},"end":{"line":36,"column":13}},"loc":{"start":{"line":36,"column":21},"end":{"line":39,"column":7}},"line":36},"4":{"name":"(anonymous_4)","decl":{"start":{"line":40,"column":13},"end":{"line":40,"column":14}},"loc":{"start":{"line":40,"column":22},"end":{"line":46,"column":7}},"line":40}},"branchMap":{"0":{"loc":{"start":{"line":26,"column":4},"end":{"line":29,"column":5}},"type":"if","locations":[{"start":{"line":26,"column":4},"end":{"line":29,"column":5}},{"start":{},"end":{}}],"line":26},"1":{"loc":{"start":{"line":26,"column":8},"end":{"line":26,"column":37}},"type":"binary-expr","locations":[{"start":{"line":26,"column":8},"end":{"line":26,"column":19}},{"start":{"line":26,"column":23},"end":{"line":26,"column":37}}],"line":26},"2":{"loc":{"start":{"line":30,"column":4},"end":{"line":33,"column":5}},"type":"if","locations":[{"start":{"line":30,"column":4},"end":{"line":33,"column":5}},{"start":{},"end":{}}],"line":30},"3":{"loc":{"start":{"line":43,"column":10},"end":{"line":44,"column":56}},"type":"binary-expr","locations":[{"start":{"line":43,"column":10},"end":{"line":43,"column":33}},{"start":{"line":44,"column":12},"end":{"line":44,"column":56}}],"line":43},"4":{"loc":{"start":{"line":65,"column":17},"end":{"line":67,"column":17}},"type":"binary-expr","locations":[{"start":{"line":65,"column":17},"end":{"line":65,"column":22}},{"start":{"line":66,"column":18},"end":{"line":66,"column":74}}],"line":65}},"s":{"0":1,"1":17,"2":17,"3":17,"4":17,"5":6,"6":6,"7":17,"8":4,"9":4,"10":1,"11":1,"12":3,"13":1,"14":1,"15":2,"16":1,"17":1,"18":1,"19":1,"20":17},"f":{"0":17,"1":6,"2":4,"3":1,"4":1},"b":{"0":[1,3],"1":[4,3],"2":[1,2],"3":[1,0],"4":[17,3]},"_coverageSchema":"1a1c01bbd47fc00a2c39e90264f33305004495a9","hash":"6c096288c7319c6059d48730ee9a64cfa0083c45"}
,"C:\\Users\\pc\\Downloads\\ReactMiniProject-AldoFebrien-Dibimbing-master\\ReactMiniProject-AldoFebrien-Dibimbing-master\\src\\pages\\UserDetail\\index.jsx": {"path":"C:\\Users\\pc\\Downloads\\ReactMiniProject-AldoFebrien-Dibimbing-master\\ReactMiniProject-AldoFebrien-Dibimbing-master\\src\\pages\\UserDetail\\index.jsx","statementMap":{"0":{"start":{"line":15,"column":20},"end":{"line":88,"column":1}},"1":{"start":{"line":16,"column":26},"end":{"line":16,"column":38}},"2":{"start":{"line":17,"column":17},"end":{"line":17,"column":28}},"3":{"start":{"line":19,"column":24},"end":{"line":28,"column":3}},"4":{"start":{"line":20,"column":4},"end":{"line":27,"column":9}},"5":{"start":{"line":23,"column":8},"end":{"line":23,"column":31}},"6":{"start":{"line":26,"column":8},"end":{"line":26,"column":25}},"7":{"start":{"line":30,"column":2},"end":{"line":32,"column":9}},"8":{"start":{"line":31,"column":4},"end":{"line":31,"column":20}},"9":{"start":{"line":34,"column":2},"end":{"line":87,"column":4}}},"fnMap":{"0":{"name":"(anonymous_0)","decl":{"start":{"line":15,"column":20},"end":{"line":15,"column":21}},"loc":{"start":{"line":15,"column":26},"end":{"line":88,"column":1}},"line":15},"1":{"name":"(anonymous_1)","decl":{"start":{"line":19,"column":24},"end":{"line":19,"column":25}},"loc":{"start":{"line":19,"column":30},"end":{"line":28,"column":3}},"line":19},"2":{"name":"(anonymous_2)","decl":{"start":{"line":22,"column":12},"end":{"line":22,"column":13}},"loc":{"start":{"line":22,"column":21},"end":{"line":24,"column":7}},"line":22},"3":{"name":"(anonymous_3)","decl":{"start":{"line":25,"column":13},"end":{"line":25,"column":14}},"loc":{"start":{"line":25,"column":22},"end":{"line":27,"column":7}},"line":25},"4":{"name":"(anonymous_4)","decl":{"start":{"line":30,"column":12},"end":{"line":30,"column":13}},"loc":{"start":{"line":30,"column":18},"end":{"line":32,"column":3}},"line":30}},"branchMap":{},"s":{"0":1,"1":5,"2":4,"3":4,"4":3,"5":1,"6":1,"7":4,"8":3,"9":4},"f":{"0":5,"1":3,"2":1,"3":1,"4":3},"b":{},"_coverageSchema":"1a1c01bbd47fc00a2c39e90264f33305004495a9","hash":"d69e7df5794971f50aae4a1a8ca129b16074e15d"}
,"C:\\Users\\pc\\Downloads\\ReactMiniProject-AldoFebrien-Dibimbing-master\\ReactMiniProject-AldoFebrien-Dibimbing-master\\src\\pages\\UserPage\\index.jsx": {"path":"C:\\Users\\pc\\Downloads\\ReactMiniProject-AldoFebrien-Dibimbing-master\\ReactMiniProject-AldoFebrien-Dibimbing-master\\src\\pages\\UserPage\\index.jsx","statementMap":{"0":{"start":{"line":8,"column":17},"end":{"line":187,"column":1}},"1":{"start":{"line":9,"column":28},"end":{"line":9,"column":40}},"2":{"start":{"line":10,"column":38},"end":{"line":15,"column":4}},"3":{"start":{"line":16,"column":44},"end":{"line":16,"column":56}},"4":{"start":{"line":17,"column":40},"end":{"line":17,"column":52}},"5":{"start":{"line":18,"column":30},"end":{"line":18,"column":42}},"6":{"start":{"line":20,"column":23},"end":{"line":38,"column":3}},"7":{"start":{"line":21,"column":4},"end":{"line":37,"column":9}},"8":{"start":{"line":27,"column":8},"end":{"line":27,"column":32}},"9":{"start":{"line":28,"column":8},"end":{"line":33,"column":11}},"10":{"start":{"line":36,"column":8},"end":{"line":36,"column":25}},"11":{"start":{"line":63,"column":2},"end":{"line":65,"column":24}},"12":{"start":{"line":64,"column":4},"end":{"line":64,"column":19}},"13":{"start":{"line":67,"column":21},"end":{"line":72,"column":3}},"14":{"start":{"line":68,"column":4},"end":{"line":71,"column":7}},"15":{"start":{"line":74,"column":21},"end":{"line":79,"column":3}},"16":{"start":{"line":75,"column":4},"end":{"line":78,"column":7}},"17":{"start":{"line":82,"column":24},"end":{"line":84,"column":3}},"18":{"start":{"line":83,"column":4},"end":{"line":83,"column":70}},"19":{"start":{"line":87,"column":2},"end":{"line":186,"column":4}},"20":{"start":{"line":110,"column":27},"end":{"line":110,"column":52}},"21":{"start":{"line":118,"column":12},"end":{"line":156,"column":14}}},"fnMap":{"0":{"name":"(anonymous_0)","decl":{"start":{"line":8,"column":17},"end":{"line":8,"column":18}},"loc":{"start":{"line":8,"column":23},"end":{"line":187,"column":1}},"line":8},"1":{"name":"(anonymous_1)","decl":{"start":{"line":20,"column":23},"end":{"line":20,"column":24}},"loc":{"start":{"line":20,"column":29},"end":{"line":38,"column":3}},"line":20},"2":{"name":"(anonymous_2)","decl":{"start":{"line":25,"column":12},"end":{"line":25,"column":13}},"loc":{"start":{"line":25,"column":21},"end":{"line":34,"column":7}},"line":25},"3":{"name":"(anonymous_3)","decl":{"start":{"line":35,"column":13},"end":{"line":35,"column":14}},"loc":{"start":{"line":35,"column":22},"end":{"line":37,"column":7}},"line":35},"4":{"name":"(anonymous_4)","decl":{"start":{"line":63,"column":12},"end":{"line":63,"column":13}},"loc":{"start":{"line":63,"column":18},"end":{"line":65,"column":3}},"line":63},"5":{"name":"(anonymous_5)","decl":{"start":{"line":67,"column":21},"end":{"line":67,"column":22}},"loc":{"start":{"line":67,"column":27},"end":{"line":72,"column":3}},"line":67},"6":{"name":"(anonymous_6)","decl":{"start":{"line":74,"column":21},"end":{"line":74,"column":22}},"loc":{"start":{"line":74,"column":27},"end":{"line":79,"column":3}},"line":74},"7":{"name":"(anonymous_7)","decl":{"start":{"line":82,"column":37},"end":{"line":82,"column":38}},"loc":{"start":{"line":83,"column":4},"end":{"line":83,"column":70}},"line":83},"8":{"name":"(anonymous_8)","decl":{"start":{"line":110,"column":20},"end":{"line":110,"column":21}},"loc":{"start":{"line":110,"column":27},"end":{"line":110,"column":52}},"line":110},"9":{"name":"(anonymous_9)","decl":{"start":{"line":117,"column":29},"end":{"line":117,"column":30}},"loc":{"start":{"line":117,"column":39},"end":{"line":157,"column":11}},"line":117}},"branchMap":{"0":{"loc":{"start":{"line":165,"column":12},"end":{"line":165,"column":54}},"type":"cond-expr","locations":[{"start":{"line":165,"column":36},"end":{"line":165,"column":49}},{"start":{"line":165,"column":52},"end":{"line":165,"column":54}}],"line":165},"1":{"loc":{"start":{"line":177,"column":12},"end":{"line":179,"column":28}},"type":"cond-expr","locations":[{"start":{"line":178,"column":16},"end":{"line":178,"column":29}},{"start":{"line":179,"column":16},"end":{"line":179,"column":28}}],"line":177}},"s":{"0":1,"1":11,"2":11,"3":11,"4":11,"5":11,"6":11,"7":6,"8":6,"9":6,"10":0,"11":11,"12":6,"13":11,"14":1,"15":11,"16":0,"17":11,"18":14,"19":11,"20":1,"21":13},"f":{"0":11,"1":6,"2":6,"3":0,"4":6,"5":1,"6":0,"7":14,"8":1,"9":13},"b":{"0":[10,1],"1":[1,10]},"_coverageSchema":"1a1c01bbd47fc00a2c39e90264f33305004495a9","hash":"0e640fcd66a40e17addf6b6f67fc52e2511c7b03"}
}
