TN:
SF:src\components\About\index.jsx
FN:4,(anonymous_0)
FNF:1
FNH:1
FNDA:2,(anonymous_0)
DA:4,1
DA:5,2
LF:2
LH:2
BRF:0
BRH:0
end_of_record
TN:
SF:src\components\BreadCrumbs\index.jsx
FN:4,(anonymous_0)
FN:6,(anonymous_1)
FN:21,(anonymous_2)
FNF:3
FNH:3
FNDA:16,(anonymous_0)
FNDA:34,(anonymous_1)
FNDA:8,(anonymous_2)
DA:4,3
DA:5,16
DA:6,34
DA:7,15
DA:9,15
DA:11,15
DA:22,8
DA:23,8
DA:24,8
LF:9
LH:9
BRDA:16,0,0,15
BRDA:16,0,1,4
BRDA:24,1,0,4
BRDA:24,1,1,4
BRF:4
BRH:4
end_of_record
TN:
SF:src\components\Footer\index.jsx
FN:11,(anonymous_0)
FNF:1
FNH:1
FNDA:3,(anonymous_0)
DA:11,1
DA:12,3
LF:2
LH:2
BRF:0
BRH:0
end_of_record
TN:
SF:src\components\Hero\index.jsx
FN:5,(anonymous_0)
FNF:1
FNH:1
FNDA:3,(anonymous_0)
DA:5,1
DA:6,3
LF:2
LH:2
BRF:0
BRH:0
end_of_record
TN:
SF:src\components\Navbar\index.jsx
FN:7,(anonymous_0)
FN:14,(anonymous_1)
FN:18,(anonymous_2)
FNF:3
FNH:2
FNDA:18,(anonymous_0)
FNDA:0,(anonymous_1)
FNDA:1,(anonymous_2)
DA:7,3
DA:8,18
DA:9,18
DA:12,18
DA:14,18
DA:15,0
DA:18,18
DA:19,1
DA:20,1
DA:21,1
DA:28,18
LF:11
LH:10
BRDA:59,0,0,2
BRDA:59,0,1,16
BRDA:81,1,0,0
BRDA:81,1,1,18
BRDA:85,2,0,0
BRDA:85,2,1,18
BRDA:105,3,0,2
BRDA:105,3,1,16
BRF:8
BRH:6
end_of_record
TN:
SF:src\pages\Home\index.jsx
FN:10,(anonymous_0)
FNF:1
FNH:1
FNDA:1,(anonymous_0)
DA:10,1
DA:11,1
LF:2
LH:2
BRF:0
BRH:0
end_of_record
TN:
SF:src\pages\Login\index.jsx
FN:7,(anonymous_0)
FN:15,(anonymous_1)
FN:20,(anonymous_2)
FN:24,(anonymous_3)
FN:31,(anonymous_4)
FN:37,(anonymous_5)
FN:41,(anonymous_6)
FN:81,(anonymous_7)
FNF:8
FNH:7
FNDA:11,(anonymous_0)
FNDA:2,(anonymous_1)
FNDA:2,(anonymous_2)
FNDA:2,(anonymous_3)
FNDA:1,(anonymous_4)
FNDA:0,(anonymous_5)
FNDA:1,(anonymous_6)
FNDA:2,(anonymous_7)
DA:7,1
DA:8,11
DA:9,11
DA:10,11
DA:11,11
DA:12,11
DA:13,11
DA:15,11
DA:17,2
DA:20,11
DA:21,2
DA:24,11
DA:25,2
DA:29,2
DA:32,1
DA:33,1
DA:34,1
DA:35,1
DA:36,1
DA:37,1
DA:38,0
DA:42,1
DA:43,1
DA:47,11
DA:81,2
LF:25
LH:24
BRDA:54,0,0,11
BRDA:54,0,1,1
BRDA:55,1,0,11
BRDA:55,1,1,1
BRDA:68,2,0,1
BRDA:68,2,1,10
BRF:6
BRH:6
end_of_record
TN:
SF:src\pages\Register\index.jsx
FN:6,(anonymous_0)
FN:14,(anonymous_1)
FN:22,(anonymous_2)
FN:36,(anonymous_3)
FN:40,(anonymous_4)
FNF:5
FNH:5
FNDA:17,(anonymous_0)
FNDA:6,(anonymous_1)
FNDA:4,(anonymous_2)
FNDA:1,(anonymous_3)
FNDA:1,(anonymous_4)
DA:6,1
DA:7,17
DA:8,17
DA:9,17
DA:14,17
DA:15,6
DA:16,6
DA:22,17
DA:24,4
DA:26,4
DA:27,1
DA:28,1
DA:30,3
DA:31,1
DA:32,1
DA:34,2
DA:37,1
DA:38,1
DA:41,1
DA:42,1
DA:48,17
LF:21
LH:21
BRDA:26,0,0,1
BRDA:26,0,1,3
BRDA:26,1,0,4
BRDA:26,1,1,3
BRDA:30,2,0,1
BRDA:30,2,1,2
BRDA:43,3,0,1
BRDA:43,3,1,0
BRDA:65,4,0,17
BRDA:65,4,1,3
BRF:10
BRH:9
end_of_record
TN:
SF:src\pages\UserDetail\index.jsx
FN:15,(anonymous_0)
FN:19,(anonymous_1)
FN:22,(anonymous_2)
FN:25,(anonymous_3)
FN:30,(anonymous_4)
FNF:5
FNH:5
FNDA:5,(anonymous_0)
FNDA:3,(anonymous_1)
FNDA:1,(anonymous_2)
FNDA:1,(anonymous_3)
FNDA:3,(anonymous_4)
DA:15,1
DA:16,5
DA:17,4
DA:19,4
DA:20,3
DA:23,1
DA:26,1
DA:30,4
DA:31,3
DA:34,4
LF:10
LH:10
BRF:0
BRH:0
end_of_record
TN:
SF:src\pages\UserPage\index.jsx
FN:8,(anonymous_0)
FN:20,(anonymous_1)
FN:25,(anonymous_2)
FN:35,(anonymous_3)
FN:63,(anonymous_4)
FN:67,(anonymous_5)
FN:74,(anonymous_6)
FN:82,(anonymous_7)
FN:110,(anonymous_8)
FN:117,(anonymous_9)
FNF:10
FNH:8
FNDA:11,(anonymous_0)
FNDA:6,(anonymous_1)
FNDA:6,(anonymous_2)
FNDA:0,(anonymous_3)
FNDA:6,(anonymous_4)
FNDA:1,(anonymous_5)
FNDA:0,(anonymous_6)
FNDA:14,(anonymous_7)
FNDA:1,(anonymous_8)
FNDA:13,(anonymous_9)
DA:8,1
DA:9,11
DA:10,11
DA:16,11
DA:17,11
DA:18,11
DA:20,11
DA:21,6
DA:27,6
DA:28,6
DA:36,0
DA:63,11
DA:64,6
DA:67,11
DA:68,1
DA:74,11
DA:75,0
DA:82,11
DA:83,14
DA:87,11
DA:110,1
DA:118,13
LF:22
LH:20
BRDA:165,0,0,10
BRDA:165,0,1,1
BRDA:177,1,0,1
BRDA:177,1,1,10
BRF:4
BRH:4
end_of_record
